## Footprint report - date 27.02.2019 21:34:48
## Created by Pcbnew version kicad (5.0.2)-1
## Unit = mm, Angle = deg.

$BeginDESCRIPTION

$BOARD
upper_left_corner 91.924999 99.924999
lower_right_corner 135.075001 128.075001
$EndBOARD

$MODULE "Q2"
reference "Q2"
value "SFH3015FA"
footprint "LED_SMD:LED_1210_3225Metric_Pad1.42x2.65mm_HandSolder"
attribut smd
position 107.000000 113.900000  orientation 90.00
layer front
$PAD "1"
Shape Rundecken Layer front
position -1.487500  0.000000  size  1.425000  2.650000  orientation 0.00
drill  0.000000
shape_offset  0.000000  0.000000
$EndPAD
$PAD "2"
Shape Rundecken Layer front
position  1.487500  0.000000  size  1.425000  2.650000  orientation 0.00
drill  0.000000
shape_offset  0.000000  0.000000
$EndPAD
$EndMODULE  Q2

$MODULE "C1"
reference "C1"
value "100nF 25V"
footprint "Capacitor_SMD:C_0603_1608Metric_Pad1.05x0.95mm_HandSolder"
attribut smd
position 120.200000 103.100000  orientation 90.00
layer front
$PAD "2"
Shape Rundecken Layer front
position  0.875000  0.000000  size  1.050000  0.950000  orientation 0.00
drill  0.000000
shape_offset  0.000000  0.000000
$EndPAD
$PAD "1"
Shape Rundecken Layer front
position -0.875000  0.000000  size  1.050000  0.950000  orientation 0.00
drill  0.000000
shape_offset  0.000000  0.000000
$EndPAD
$EndMODULE  C1

$MODULE "C2"
reference "C2"
value "10uF 10V"
footprint "Capacitor_SMD:C_0603_1608Metric_Pad1.05x0.95mm_HandSolder"
attribut smd
position 133.100000 105.800000  orientation 90.00
layer front
$PAD "1"
Shape Rundecken Layer front
position -0.875000  0.000000  size  1.050000  0.950000  orientation 0.00
drill  0.000000
shape_offset  0.000000  0.000000
$EndPAD
$PAD "2"
Shape Rundecken Layer front
position  0.875000  0.000000  size  1.050000  0.950000  orientation 0.00
drill  0.000000
shape_offset  0.000000  0.000000
$EndPAD
$EndMODULE  C2

$MODULE "C3"
reference "C3"
value "100uF 10V"
footprint "Capacitor_SMD:C_1210_3225Metric_Pad1.42x2.65mm_HandSolder"
attribut smd
position 123.100000 103.700000  orientation 270.00
layer front
$PAD "1"
Shape Rundecken Layer front
position -1.487500  0.000000  size  1.425000  2.650000  orientation 0.00
drill  0.000000
shape_offset  0.000000  0.000000
$EndPAD
$PAD "2"
Shape Rundecken Layer front
position  1.487500  0.000000  size  1.425000  2.650000  orientation 0.00
drill  0.000000
shape_offset  0.000000  0.000000
$EndPAD
$EndMODULE  C3

$MODULE "C4"
reference "C4"
value "10uF 10V"
footprint "Capacitor_SMD:C_0603_1608Metric_Pad1.05x0.95mm_HandSolder"
attribut smd
position 127.100000 124.200000  orientation 90.00
layer front
$PAD "1"
Shape Rundecken Layer front
position -0.875000  0.000000  size  1.050000  0.950000  orientation 0.00
drill  0.000000
shape_offset  0.000000  0.000000
$EndPAD
$PAD "2"
Shape Rundecken Layer front
position  0.875000  0.000000  size  1.050000  0.950000  orientation 0.00
drill  0.000000
shape_offset  0.000000  0.000000
$EndPAD
$EndMODULE  C4

$MODULE "D1"
reference "D1"
value "LED"
footprint "LED_SMD:LED_Cree-XQ_HandSoldering"
attribut smd
position 122.000000 114.000000  orientation 0.00
layer front
$PAD "2"
Shape Rechteck Layer front
position  0.880000  0.000000  size  1.250000  1.600000  orientation 0.00
drill  0.000000
shape_offset  0.000000  0.000000
$EndPAD
$PAD "1"
Shape Rechteck Layer front
position -0.880000  0.000000  size  1.250000  1.600000  orientation 0.00
drill  0.000000
shape_offset  0.000000  0.000000
$EndPAD
$EndMODULE  D1

$MODULE "D2"
reference "D2"
value "LED"
footprint "LED_SMD:LED_Cree-XQ_HandSoldering"
attribut smd
position 114.000000 114.000000  orientation 0.00
layer front
$PAD "1"
Shape Rechteck Layer front
position -0.880000  0.000000  size  1.250000  1.600000  orientation 0.00
drill  0.000000
shape_offset  0.000000  0.000000
$EndPAD
$PAD "2"
Shape Rechteck Layer front
position  0.880000  0.000000  size  1.250000  1.600000  orientation 0.00
drill  0.000000
shape_offset  0.000000  0.000000
$EndPAD
$EndMODULE  D2

$MODULE "D3"
reference "D3"
value "SFH4045N"
footprint "LED_SMD:LED_1210_3225Metric_Pad1.42x2.65mm_HandSolder"
attribut smd
position 95.000000 114.000000  orientation 90.00
layer front
$PAD "2"
Shape Rundecken Layer front
position  1.487500  0.000000  size  1.425000  2.650000  orientation 0.00
drill  0.000000
shape_offset  0.000000  0.000000
$EndPAD
$PAD "1"
Shape Rundecken Layer front
position -1.487500  0.000000  size  1.425000  2.650000  orientation 0.00
drill  0.000000
shape_offset  0.000000  0.000000
$EndPAD
$EndMODULE  D3

$MODULE "J1"
reference "J1"
value "Pins 2P"
footprint "Connector_PinHeader_2.54mm:PinHeader_1x02_P2.54mm_Vertical"
attribut none
position 128.300000 115.300000  orientation 180.00
layer front
$PAD "1"
Shape Rechteck Layer both
position  0.000000  0.000000  size  1.700000  1.700000  orientation 0.00
drill  1.000000
shape_offset  0.000000  0.000000
$EndPAD
$PAD "2"
Shape Oval Layer both
position  0.000000  2.540000  size  1.700000  1.700000  orientation 0.00
drill  1.000000
shape_offset  0.000000  0.000000
$EndPAD
$EndMODULE  J1

$MODULE "J2"
reference "J2"
value "MicroMatch 6P"
footprint "Connector:ConnectorMicromatch-6"
attribut smd
position 114.000000 114.100000  orientation 0.00
layer back
$PAD "1"
Shape Rechteck Layer back
position -3.175000  2.600000  size  1.500000  3.000000  orientation 0.00
drill  0.000000
shape_offset  0.000000  0.000000
$EndPAD
$PAD "2"
Shape Rechteck Layer back
position -1.905000 -2.600000  size  1.500000  3.000000  orientation 0.00
drill  0.000000
shape_offset  0.000000  0.000000
$EndPAD
$PAD "3"
Shape Rechteck Layer back
position -0.635000  2.600000  size  1.500000  3.000000  orientation 0.00
drill  0.000000
shape_offset  0.000000  0.000000
$EndPAD
$PAD "4"
Shape Rechteck Layer back
position  0.635000 -2.600000  size  1.500000  3.000000  orientation 0.00
drill  0.000000
shape_offset  0.000000  0.000000
$EndPAD
$PAD "5"
Shape Rechteck Layer back
position  1.905000  2.600000  size  1.500000  3.000000  orientation 0.00
drill  0.000000
shape_offset  0.000000  0.000000
$EndPAD
$PAD "6"
Shape Rechteck Layer back
position  3.175000 -2.600000  size  1.500000  3.000000  orientation 0.00
drill  0.000000
shape_offset  0.000000  0.000000
$EndPAD
$EndMODULE  J2

$MODULE "Q1"
reference "Q1"
value "BSP318S"
footprint "Package_TO_SOT_SMD:SOT-223-3_TabPin2"
attribut smd
position 109.300000 122.100000  orientation 90.00
layer front
$PAD "1"
Shape Rechteck Layer front
position -3.150000 -2.300000  size  2.000000  1.500000  orientation 0.00
drill  0.000000
shape_offset  0.000000  0.000000
$EndPAD
$PAD "3"
Shape Rechteck Layer front
position -3.150000  2.300000  size  2.000000  1.500000  orientation 0.00
drill  0.000000
shape_offset  0.000000  0.000000
$EndPAD
$PAD "2"
Shape Rechteck Layer front
position -3.150000  0.000000  size  2.000000  1.500000  orientation 0.00
drill  0.000000
shape_offset  0.000000  0.000000
$EndPAD
$PAD "2"
Shape Rechteck Layer front
position  3.150000  0.000000  size  2.000000  3.800000  orientation 0.00
drill  0.000000
shape_offset  0.000000  0.000000
$EndPAD
$EndMODULE  Q1

$MODULE "R1"
reference "R1"
value "5.6K"
footprint "Resistor_SMD:R_0603_1608Metric_Pad1.05x0.95mm_HandSolder"
attribut smd
position 116.900000 123.400000  orientation 270.00
layer front
$PAD "1"
Shape Rundecken Layer front
position -0.875000  0.000000  size  1.050000  0.950000  orientation 0.00
drill  0.000000
shape_offset  0.000000  0.000000
$EndPAD
$PAD "2"
Shape Rundecken Layer front
position  0.875000  0.000000  size  1.050000  0.950000  orientation 0.00
drill  0.000000
shape_offset  0.000000  0.000000
$EndPAD
$EndMODULE  R1

$MODULE "R2"
reference "R2"
value "1.3K"
footprint "Resistor_SMD:R_0603_1608Metric_Pad1.05x0.95mm_HandSolder"
attribut smd
position 116.900000 119.800000  orientation 270.00
layer front
$PAD "2"
Shape Rundecken Layer front
position  0.875000  0.000000  size  1.050000  0.950000  orientation 0.00
drill  0.000000
shape_offset  0.000000  0.000000
$EndPAD
$PAD "1"
Shape Rundecken Layer front
position -0.875000  0.000000  size  1.050000  0.950000  orientation 0.00
drill  0.000000
shape_offset  0.000000  0.000000
$EndPAD
$EndMODULE  R2

$MODULE "R3"
reference "R3"
value "1K"
footprint "Resistor_SMD:R_0603_1608Metric_Pad1.05x0.95mm_HandSolder"
attribut smd
position 105.600000 105.200000  orientation 0.00
layer front
$PAD "2"
Shape Rundecken Layer front
position  0.875000  0.000000  size  1.050000  0.950000  orientation 0.00
drill  0.000000
shape_offset  0.000000  0.000000
$EndPAD
$PAD "1"
Shape Rundecken Layer front
position -0.875000  0.000000  size  1.050000  0.950000  orientation 0.00
drill  0.000000
shape_offset  0.000000  0.000000
$EndPAD
$EndMODULE  R3

$MODULE "R4"
reference "R4"
value "47"
footprint "Resistor_SMD:R_0603_1608Metric_Pad1.05x0.95mm_HandSolder"
attribut smd
position 95.000000 109.500000  orientation 270.00
layer front
$PAD "1"
Shape Rundecken Layer front
position -0.875000  0.000000  size  1.050000  0.950000  orientation 0.00
drill  0.000000
shape_offset  0.000000  0.000000
$EndPAD
$PAD "2"
Shape Rundecken Layer front
position  0.875000  0.000000  size  1.050000  0.950000  orientation 0.00
drill  0.000000
shape_offset  0.000000  0.000000
$EndPAD
$EndMODULE  R4

$MODULE "U1"
reference "U1"
value "ATtiny85-20SU"
footprint "Package_SO:SOIJ-8_5.3x5.3mm_P1.27mm"
attribut smd
position 114.000000 103.900000  orientation 0.00
layer front
$PAD "1"
Shape Rechteck Layer front
position -3.650000 -1.905000  size  1.700000  0.650000  orientation 0.00
drill  0.000000
shape_offset  0.000000  0.000000
$EndPAD
$PAD "2"
Shape Rechteck Layer front
position -3.650000 -0.635000  size  1.700000  0.650000  orientation 0.00
drill  0.000000
shape_offset  0.000000  0.000000
$EndPAD
$PAD "3"
Shape Rechteck Layer front
position -3.650000  0.635000  size  1.700000  0.650000  orientation 0.00
drill  0.000000
shape_offset  0.000000  0.000000
$EndPAD
$PAD "4"
Shape Rechteck Layer front
position -3.650000  1.905000  size  1.700000  0.650000  orientation 0.00
drill  0.000000
shape_offset  0.000000  0.000000
$EndPAD
$PAD "5"
Shape Rechteck Layer front
position  3.650000  1.905000  size  1.700000  0.650000  orientation 0.00
drill  0.000000
shape_offset  0.000000  0.000000
$EndPAD
$PAD "6"
Shape Rechteck Layer front
position  3.650000  0.635000  size  1.700000  0.650000  orientation 0.00
drill  0.000000
shape_offset  0.000000  0.000000
$EndPAD
$PAD "7"
Shape Rechteck Layer front
position  3.650000 -0.635000  size  1.700000  0.650000  orientation 0.00
drill  0.000000
shape_offset  0.000000  0.000000
$EndPAD
$PAD "8"
Shape Rechteck Layer front
position  3.650000 -1.905000  size  1.700000  0.650000  orientation 0.00
drill  0.000000
shape_offset  0.000000  0.000000
$EndPAD
$EndMODULE  U1

$MODULE "U2"
reference "U2"
value "LM1117-5.0"
footprint "Package_TO_SOT_SMD:SOT-223-3_TabPin2"
attribut smd
position 128.500000 105.200000  orientation 90.00
layer front
$PAD "2"
Shape Rechteck Layer front
position  3.150000  0.000000  size  2.000000  3.800000  orientation 0.00
drill  0.000000
shape_offset  0.000000  0.000000
$EndPAD
$PAD "2"
Shape Rechteck Layer front
position -3.150000  0.000000  size  2.000000  1.500000  orientation 0.00
drill  0.000000
shape_offset  0.000000  0.000000
$EndPAD
$PAD "3"
Shape Rechteck Layer front
position -3.150000  2.300000  size  2.000000  1.500000  orientation 0.00
drill  0.000000
shape_offset  0.000000  0.000000
$EndPAD
$PAD "1"
Shape Rechteck Layer front
position -3.150000 -2.300000  size  2.000000  1.500000  orientation 0.00
drill  0.000000
shape_offset  0.000000  0.000000
$EndPAD
$EndMODULE  U2

$MODULE "U3"
reference "U3"
value "LM1117-ADJ"
footprint "Package_TO_SOT_SMD:SOT-223-3_TabPin2"
attribut smd
position 121.700000 121.900000  orientation 90.00
layer front
$PAD "2"
Shape Rechteck Layer front
position  3.150000  0.000000  size  2.000000  3.800000  orientation 0.00
drill  0.000000
shape_offset  0.000000  0.000000
$EndPAD
$PAD "2"
Shape Rechteck Layer front
position -3.150000  0.000000  size  2.000000  1.500000  orientation 0.00
drill  0.000000
shape_offset  0.000000  0.000000
$EndPAD
$PAD "3"
Shape Rechteck Layer front
position -3.150000  2.300000  size  2.000000  1.500000  orientation 0.00
drill  0.000000
shape_offset  0.000000  0.000000
$EndPAD
$PAD "1"
Shape Rechteck Layer front
position -3.150000 -2.300000  size  2.000000  1.500000  orientation 0.00
drill  0.000000
shape_offset  0.000000  0.000000
$EndPAD
$EndMODULE  U3

$MODULE "C5"
reference "C5"
value "100uF 10V"
footprint "Capacitor_SMD:C_1210_3225Metric_Pad1.42x2.65mm_HandSolder"
attribut smd
position 127.200000 119.900000  orientation 270.00
layer front
$PAD "1"
Shape Rundecken Layer front
position -1.487500  0.000000  size  1.425000  2.650000  orientation 0.00
drill  0.000000
shape_offset  0.000000  0.000000
$EndPAD
$PAD "2"
Shape Rundecken Layer front
position  1.487500  0.000000  size  1.425000  2.650000  orientation 0.00
drill  0.000000
shape_offset  0.000000  0.000000
$EndPAD
$EndMODULE  C5

$MODULE "D4"
reference "D4"
value "1N5819"
footprint "Diode_SMD:D_SOD-123"
attribut smd
position 132.200000 117.000000  orientation 90.00
layer front
$PAD "1"
Shape Rechteck Layer front
position -1.650000  0.000000  size  0.900000  1.200000  orientation 0.00
drill  0.000000
shape_offset  0.000000  0.000000
$EndPAD
$PAD "2"
Shape Rechteck Layer front
position  1.650000  0.000000  size  0.900000  1.200000  orientation 0.00
drill  0.000000
shape_offset  0.000000  0.000000
$EndPAD
$EndMODULE  D4

$MODULE "R5"
reference "R5"
value "100"
footprint "Resistor_SMD:R_0603_1608Metric_Pad1.05x0.95mm_HandSolder"
attribut smd
position 104.400000 119.800000  orientation 90.00
layer front
$PAD "2"
Shape Rundecken Layer front
position  0.875000  0.000000  size  1.050000  0.950000  orientation 0.00
drill  0.000000
shape_offset  0.000000  0.000000
$EndPAD
$PAD "1"
Shape Rundecken Layer front
position -0.875000  0.000000  size  1.050000  0.950000  orientation 0.00
drill  0.000000
shape_offset  0.000000  0.000000
$EndPAD
$EndMODULE  R5

$MODULE "R6"
reference "R6"
value "100"
footprint "Resistor_SMD:R_0603_1608Metric_Pad1.05x0.95mm_HandSolder"
attribut smd
position 105.600000 103.300000  orientation 180.00
layer front
$PAD "1"
Shape Rundecken Layer front
position -0.875000  0.000000  size  1.050000  0.950000  orientation 0.00
drill  0.000000
shape_offset  0.000000  0.000000
$EndPAD
$PAD "2"
Shape Rundecken Layer front
position  0.875000  0.000000  size  1.050000  0.950000  orientation 0.00
drill  0.000000
shape_offset  0.000000  0.000000
$EndPAD
$EndMODULE  R6

$EndDESCRIPTION
